Build started 12/6/2016 11:10:41 PM.
     1>Project "C:\Users\Seunghun\Downloads\project\CS585_lab3\CS585_lab3.vcxproj" on node 2 (Build target(s)).
     1>C:\Program Files (x86)\MSBuild\Microsoft.Cpp\v4.0\V120\Microsoft.CppBuild.targets(388,5): warning MSB8028: The intermediate directory (x64\Debug\) contains files shared from another project (CS585_lab3_1.vcxproj).  This can lead to incorrect clean and rebuild behavior.
     1>ClCompile:
         C:\Program Files (x86)\Microsoft Visual Studio 12.0\VC\bin\x86_amd64\CL.exe /c /IC:\opencv\build\include /Zi /nologo /W3 /WX- /sdl /Od /D WIN32 /D _DEBUG /D _CONSOLE /D _LIB /D _UNICODE /D UNICODE /Gm /EHsc /RTC1 /MDd /GS /fp:precise /Zc:wchar_t /Zc:forScope /Fo"x64\Debug\\" /Fd"x64\Debug\vc120.pdb" /Gd /TP /errorReport:prompt Source.cpp
         Source.cpp
     1>Source.cpp(302): warning C4244: '=' : conversion from 'double' to 'int', possible loss of data
     1>Source.cpp(306): warning C4244: '=' : conversion from 'double' to 'int', possible loss of data
     1>Source.cpp(316): warning C4244: '=' : conversion from 'double' to 'int', possible loss of data
     1>Source.cpp(372): warning C4244: '=' : conversion from 'double' to 'int', possible loss of data
     1>Source.cpp(436): warning C4244: '=' : conversion from 'double' to 'int', possible loss of data
     1>Source.cpp(470): warning C4244: '=' : conversion from 'double' to 'int', possible loss of data
     1>Source.cpp(524): warning C4244: '=' : conversion from 'double' to 'int', possible loss of data
     1>Source.cpp(557): warning C4244: '=' : conversion from 'double' to 'int', possible loss of data
     1>Source.cpp(608): warning C4244: '=' : conversion from 'double' to 'int', possible loss of data
     1>Source.cpp(640): warning C4244: '=' : conversion from 'double' to 'int', possible loss of data
     1>Source.cpp(126): warning C4101: 'pot' : unreferenced local variable
     1>Source.cpp(741): warning C4244: '=' : conversion from 'double' to 'int', possible loss of data
       Link:
         C:\Program Files (x86)\Microsoft Visual Studio 12.0\VC\bin\x86_amd64\link.exe /ERRORREPORT:PROMPT /OUT:"C:\Users\Seunghun\Downloads\project\x64\Debug\CS585_lab3.exe" /INCREMENTAL /NOLOGO /LIBPATH:C:\opencv\build\x64\vc14\lib opencv_world310d.lib kernel32.lib user32.lib gdi32.lib winspool.lib comdlg32.lib advapi32.lib shell32.lib ole32.lib oleaut32.lib uuid.lib odbc32.lib odbccp32.lib /MANIFEST /MANIFESTUAC:"level='asInvoker' uiAccess='false'" /manifest:embed /DEBUG /PDB:"C:\Users\Seunghun\Downloads\project\x64\Debug\CS585_lab3.pdb" /SUBSYSTEM:CONSOLE /TLBID:1 /DYNAMICBASE /NXCOMPAT /IMPLIB:"C:\Users\Seunghun\Downloads\project\x64\Debug\CS585_lab3.lib" /MACHINE:X64 x64\Debug\Source.obj
         CS585_lab3.vcxproj -> C:\Users\Seunghun\Downloads\project\x64\Debug\CS585_lab3.exe
     1>Done Building Project "C:\Users\Seunghun\Downloads\project\CS585_lab3\CS585_lab3.vcxproj" (Build target(s)).

Build succeeded.

Time Elapsed 00:00:01.59
